  vitalsGen.cpp
c:\users\wintersxpast\desktop\intro-to-software-engineering-vitals-team\vitalsgen\vitalsgen.cpp(5): warning C4067: unexpected tokens following preprocessor directive - expected a newline
c:\users\wintersxpast\desktop\intro-to-software-engineering-vitals-team\vitalsgen\vitalsgen.cpp(40): warning C4804: '>=': unsafe use of type 'bool' in operation
c:\users\wintersxpast\desktop\intro-to-software-engineering-vitals-team\vitalsgen\vitalsgen.cpp(45): warning C4804: '>=': unsafe use of type 'bool' in operation
c:\users\wintersxpast\desktop\intro-to-software-engineering-vitals-team\vitalsgen\vitalsgen.cpp(45): warning C4804: '>': unsafe use of type 'bool' in operation
c:\users\wintersxpast\desktop\intro-to-software-engineering-vitals-team\vitalsgen\vitalsgen.cpp(49): warning C4804: '>=': unsafe use of type 'bool' in operation
c:\users\wintersxpast\desktop\intro-to-software-engineering-vitals-team\vitalsgen\vitalsgen.cpp(53): warning C4804: '>=': unsafe use of type 'bool' in operation
c:\users\wintersxpast\desktop\intro-to-software-engineering-vitals-team\vitalsgen\vitalsgen.cpp(53): warning C4804: '>': unsafe use of type 'bool' in operation
c:\users\wintersxpast\desktop\intro-to-software-engineering-vitals-team\vitalsgen\vitalsgen.cpp(57): warning C4804: '>': unsafe use of type 'bool' in operation
c:\users\wintersxpast\desktop\intro-to-software-engineering-vitals-team\vitalsgen\vitalsgen.cpp(57): warning C4804: '>=': unsafe use of type 'bool' in operation
c:\users\wintersxpast\desktop\intro-to-software-engineering-vitals-team\vitalsgen\vitalsgen.cpp(61): warning C4804: '>=': unsafe use of type 'bool' in operation
c:\users\wintersxpast\desktop\intro-to-software-engineering-vitals-team\vitalsgen\vitalsgen.cpp(65): warning C4804: '>': unsafe use of type 'bool' in operation
c:\users\wintersxpast\desktop\intro-to-software-engineering-vitals-team\vitalsgen\vitalsgen.cpp(65): warning C4804: '>=': unsafe use of type 'bool' in operation
c:\users\wintersxpast\desktop\intro-to-software-engineering-vitals-team\vitalsgen\vitalsgen.cpp(69): warning C4804: '>': unsafe use of type 'bool' in operation
c:\users\wintersxpast\desktop\intro-to-software-engineering-vitals-team\vitalsgen\vitalsgen.cpp(81): warning C4804: '>=': unsafe use of type 'bool' in operation
c:\users\wintersxpast\desktop\intro-to-software-engineering-vitals-team\vitalsgen\vitalsgen.cpp(93): warning C4804: '>': unsafe use of type 'bool' in operation
c:\users\wintersxpast\desktop\intro-to-software-engineering-vitals-team\vitalsgen\vitalsgen.cpp(115): warning C4804: '>=': unsafe use of type 'bool' in operation
c:\users\wintersxpast\desktop\intro-to-software-engineering-vitals-team\vitalsgen\vitalsgen.cpp(130): warning C4804: '>=': unsafe use of type 'bool' in operation
c:\users\wintersxpast\desktop\intro-to-software-engineering-vitals-team\vitalsgen\vitalsgen.cpp(145): warning C4804: '>=': unsafe use of type 'bool' in operation
c:\users\wintersxpast\desktop\intro-to-software-engineering-vitals-team\vitalsgen\vitalsgen.cpp(162): warning C4244: 'argument': conversion from 'time_t' to 'unsigned int', possible loss of data
c:\users\wintersxpast\desktop\intro-to-software-engineering-vitals-team\vitalsgen\vitalsgen.cpp(142): warning C4715: 'isNormalTemp': not all control paths return a value
c:\users\wintersxpast\desktop\intro-to-software-engineering-vitals-team\vitalsgen\vitalsgen.cpp(127): warning C4715: 'isNormalHeartRate': not all control paths return a value
c:\users\wintersxpast\desktop\intro-to-software-engineering-vitals-team\vitalsgen\vitalsgen.cpp(157): warning C4715: 'isNormalOxygenLevel': not all control paths return a value
  vitalsGen.vcxproj -> C:\Users\wintersxpast\Desktop\Intro-to-Software-Engineering-VITALS-TEAM\x64\Debug\vitalsGen.exe
  vitalsGen.vcxproj -> C:\Users\wintersxpast\Desktop\Intro-to-Software-Engineering-VITALS-TEAM\x64\Debug\vitalsGen.pdb (Partial PDB)
